<?xml version="1.0" encoding="UTF-8"?>
<!-- Generated by org.testng.reporters.JUnitReportReporter -->
<testsuite hostname="Borra" failures="0" tests="1" name="testCases.TC002_LoginTest" time="1.806" errors="0" timestamp="2025-03-05T22:50:02 EST" skipped="0">
  <testcase classname="testCases.TC002_LoginTest" name="verifyLogin" time="1.806"/>
</testsuite> <!-- testCases.TC002_LoginTest -->
