<?xml version="1.0" encoding="UTF-8"?>
<!-- Generated by org.testng.reporters.JUnitReportReporter -->
<testsuite hostname="Borra" failures="0" tests="1" name="testCases.TC001_AccountRegistrationTest" time="2.159" errors="0" timestamp="2025-03-05T22:31:37 EST" skipped="0">
  <testcase classname="testCases.TC001_AccountRegistrationTest" name="verifyAccountRegistration" time="2.159"/>
</testsuite> <!-- testCases.TC001_AccountRegistrationTest -->
